<?xml version="1.0" encoding="UTF-8"?>
<testng-results ignored="0" total="1" passed="1" failed="0" skipped="0">
  <reporter-output>
  </reporter-output>
  <suite started-at="2023-05-27T18:04:24 IST" name="Suite" finished-at="2023-05-27T18:04:52 IST" duration-ms="27719">
    <groups>
    </groups>
    <test started-at="2023-05-27T18:04:24 IST" name="Test" finished-at="2023-05-27T18:04:52 IST" duration-ms="27719">
      <class name="testngtest.loginlogoutapppp">
        <test-method is-config="true" signature="executionstart()[pri:0, instance:testngtest.loginlogoutapppp@6f96c77]" started-at="2023-05-27T18:04:24 IST" name="executionstart" finished-at="2023-05-27T18:04:24 IST" duration-ms="15" status="PASS">
          <reporter-output>
          </reporter-output>
        </test-method> <!-- executionstart -->
        <test-method is-config="true" signature="setup()[pri:0, instance:testngtest.loginlogoutapppp@6f96c77]" started-at="2023-05-27T18:04:24 IST" name="setup" finished-at="2023-05-27T18:04:41 IST" duration-ms="16409" status="PASS">
          <reporter-output>
          </reporter-output>
        </test-method> <!-- setup -->
        <test-method is-config="true" signature="login()[pri:0, instance:testngtest.loginlogoutapppp@6f96c77]" started-at="2023-05-27T18:04:41 IST" name="login" finished-at="2023-05-27T18:04:41 IST" duration-ms="446" status="PASS">
          <reporter-output>
          </reporter-output>
        </test-method> <!-- login -->
        <test-method signature="lgnlgot()[pri:0, instance:testngtest.loginlogoutapppp@6f96c77]" started-at="2023-05-27T18:04:41 IST" name="lgnlgot" finished-at="2023-05-27T18:04:41 IST" duration-ms="13" status="PASS">
          <reporter-output>
          </reporter-output>
        </test-method> <!-- lgnlgot -->
        <test-method is-config="true" signature="logout()[pri:0, instance:testngtest.loginlogoutapppp@6f96c77]" started-at="2023-05-27T18:04:41 IST" name="logout" finished-at="2023-05-27T18:04:51 IST" duration-ms="9734" status="PASS">
          <reporter-output>
          </reporter-output>
        </test-method> <!-- logout -->
        <test-method is-config="true" signature="teardown()[pri:0, instance:testngtest.loginlogoutapppp@6f96c77]" started-at="2023-05-27T18:04:51 IST" name="teardown" finished-at="2023-05-27T18:04:52 IST" duration-ms="999" status="PASS">
          <reporter-output>
          </reporter-output>
        </test-method> <!-- teardown -->
        <test-method is-config="true" signature="complete()[pri:0, instance:testngtest.loginlogoutapppp@6f96c77]" started-at="2023-05-27T18:04:52 IST" name="complete" finished-at="2023-05-27T18:04:52 IST" duration-ms="1" status="PASS">
          <reporter-output>
          </reporter-output>
        </test-method> <!-- complete -->
      </class> <!-- testngtest.loginlogoutapppp -->
    </test> <!-- Test -->
  </suite> <!-- Suite -->
</testng-results>
