<?xml version="1.0" encoding="UTF-8"?>
<!-- Generated by org.testng.reporters.JUnitXMLReporter -->
<testsuite ignored="0" hostname="DrowsyRainbow" failures="0" tests="3" name="Default test" time="0.19" errors="0" timestamp="2023-11-30T16:30:08 IST">
  <testcase classname="annotations.Annotations" name="mahadev" time="0.015"/>
  <testcase classname="annotations.Annotations" name="partha" time="0.013"/>
  <testcase classname="annotations.Annotations" name="soumya" time="0.005"/>
</testsuite> <!-- Default test -->
