<?xml version="1.0" encoding="UTF-8"?>
<testng-results ignored="0" total="1" passed="1" failed="0" skipped="0">
  <reporter-output>
  </reporter-output>
  <suite started-at="2022-11-10T19:29:42Z" name="Suite" finished-at="2022-11-10T19:31:10Z" duration-ms="88106">
    <groups>
    </groups>
    <test started-at="2022-11-10T19:29:42Z" name="Test" finished-at="2022-11-10T19:31:10Z" duration-ms="88106">
      <class name="com.test.actitime.LoginLogoutapp">
        <test-method is-config="true" signature="executionstart()[pri:0, instance:com.test.actitime.LoginLogoutapp@1b1cfb87]" started-at="2022-11-10T19:29:42Z" name="executionstart" finished-at="2022-11-10T19:29:42Z" duration-ms="591" status="PASS">
          <reporter-output>
          </reporter-output>
        </test-method> <!-- executionstart -->
        <test-method is-config="true" signature="setup()[pri:0, instance:com.test.actitime.LoginLogoutapp@1b1cfb87]" started-at="2022-11-10T19:29:42Z" name="setup" finished-at="2022-11-10T19:30:59Z" duration-ms="77260" status="PASS">
          <reporter-output>
          </reporter-output>
        </test-method> <!-- setup -->
        <test-method is-config="true" signature="logintoapp()[pri:0, instance:com.test.actitime.LoginLogoutapp@1b1cfb87]" started-at="2022-11-10T19:30:59Z" name="logintoapp" finished-at="2022-11-10T19:31:00Z" duration-ms="756" status="PASS">
          <reporter-output>
          </reporter-output>
        </test-method> <!-- logintoapp -->
        <test-method signature="login()[pri:0, instance:com.test.actitime.LoginLogoutapp@1b1cfb87]" started-at="2022-11-10T19:31:00Z" name="login" finished-at="2022-11-10T19:31:00Z" duration-ms="12" status="PASS">
          <reporter-output>
          </reporter-output>
        </test-method> <!-- login -->
        <test-method is-config="true" signature="logoutfromapp()[pri:0, instance:com.test.actitime.LoginLogoutapp@1b1cfb87]" started-at="2022-11-10T19:31:00Z" name="logoutfromapp" finished-at="2022-11-10T19:31:10Z" duration-ms="9639" status="PASS">
          <reporter-output>
          </reporter-output>
        </test-method> <!-- logoutfromapp -->
        <test-method is-config="true" signature="teardown()[pri:0, instance:com.test.actitime.LoginLogoutapp@1b1cfb87]" started-at="2022-11-10T19:31:10Z" name="teardown" finished-at="2022-11-10T19:31:10Z" duration-ms="363" status="PASS">
          <reporter-output>
          </reporter-output>
        </test-method> <!-- teardown -->
        <test-method is-config="true" signature="executioncomplete()[pri:0, instance:com.test.actitime.LoginLogoutapp@1b1cfb87]" started-at="2022-11-10T19:31:10Z" name="executioncomplete" finished-at="2022-11-10T19:31:10Z" duration-ms="1" status="PASS">
          <reporter-output>
          </reporter-output>
        </test-method> <!-- executioncomplete -->
      </class> <!-- com.test.actitime.LoginLogoutapp -->
    </test> <!-- Test -->
  </suite> <!-- Suite -->
</testng-results>
