<?xml version="1.0" encoding="UTF-8"?>
<testng-results ignored="0" total="1" passed="1" failed="0" skipped="0">
  <reporter-output>
  </reporter-output>
  <suite started-at="2023-08-25T16:33:07 IST" name="Default suite" finished-at="2023-08-25T16:33:09 IST" duration-ms="1313">
    <groups>
    </groups>
    <test started-at="2023-08-25T16:33:07 IST" name="Default test" finished-at="2023-08-25T16:33:09 IST" duration-ms="1313">
      <class name="exceldata.ReadData">
        <test-method signature="readdata()[pri:0, instance:exceldata.ReadData@670002]" started-at="2023-08-25T16:33:08 IST" name="readdata" finished-at="2023-08-25T16:33:09 IST" duration-ms="1215" status="PASS">
          <reporter-output>
          </reporter-output>
        </test-method> <!-- readdata -->
      </class> <!-- exceldata.ReadData -->
    </test> <!-- Default test -->
  </suite> <!-- Default suite -->
</testng-results>
